#
# A fatal error has been detected by the Java Runtime Environment:
#
#  EXCEPTION_ACCESS_VIOLATION (0xc0000005) at pc=0x0000000000000000, pid=12212, tid=12244
#
# JRE version: Java(TM) SE Runtime Environment (8.0_25-b18) (build 1.8.0_25-b18)
# Java VM: Java HotSpot(TM) 64-Bit Server VM (25.25-b02 mixed mode windows-amd64 compressed oops)
# Problematic frame:
# C  0x0000000000000000
#
# Failed to write core dump. Minidumps are not enabled by default on client versions of Windows
#
# If you would like to submit a bug report, please visit:
#   http://bugreport.sun.com/bugreport/crash.jsp
#

---------------  T H R E A D  ---------------

Current thread (0x00000000568be800):  JavaThread "pool-1-thread-1" [_thread_in_Java, id=12244, stack(0x00000000588b0000,0x00000000589b0000)]

siginfo: ExceptionCode=0xc0000005, ExceptionInformation=0x0000000000000008 0x0000000000000000

Registers:
RAX=0x00000000c37aeee8, RBX=0x00000000148626a0, RCX=0x00000000cdbf2418, RDX=0x00000000c33e5410
RSP=0x00000000589ae9a8, RBP=0x00000000cdbf22e0, RSI=0x00000000c33e5410, RDI=0x0000000000003c30
R8 =0x0000000000000000, R9 =0x0000000000000003, R10=0x00000000147f09f0, R11=0x000000000077be13
R12=0x0000000000000000, R13=0x00000000c37e4fc0, R14=0x00000000ce3fd530, R15=0x00000000568be800
RIP=0x0000000000000000, EFLAGS=0x0000000000010202

Top of Stack: (sp=0x00000000589ae9a8)
0x00000000589ae9a8:   00000000034d0ecc 00000000589aec00
0x00000000589ae9b8:   00000000568be800 000000005756d59a
0x00000000589ae9c8:   00000000ce316ca8 00000000cdbf2418
0x00000000589ae9d8:   0000000060007f0c 00000000cdb35328
0x00000000589ae9e8:   00000000589aec78 00000000cdbf22e0
0x00000000589ae9f8:   0000000003498d44 0000000054c0e2b8
0x00000000589aea08:   00000000028ed15e 00000000568be800
0x00000000589aea18:   00000000568be800 00000000ef7c2718
0x00000000589aea28:   0000000000000000 00000000ac93d77d
0x00000000589aea38:   0000000003498d9c 00000000cdbf22e0
0x00000000589aea48:   00000000034d1df4 00000000589aee30
0x00000000589aea58:   0000000002e2d4cc 00000000cdbf22e0
0x00000000589aea68:   0000000002cf8aac 00000000033544c8
0x00000000589aea78:   00000000ef780ad0 00000000589aee30
0x00000000589aea88:   00000000cdbf23b8 ac93d77d287b1e77
0x00000000589aea98:   00000000cdccc240 00000000cdbf22e0 

Instructions: (pc=0x0000000000000000)
0xffffffffffffffe0:   


Register to memory mapping:

RAX=0x00000000c37aeee8 is an oop
com.android.dx.dex.code.Dop 
 - klass: 'com/android/dx/dex/code/Dop'
RBX=0x00000000148626a0 is pointing into metadata
RCX=0x00000000cdbf2418 is an oop
java.util.TreeMap$Entry 
 - klass: 'java/util/TreeMap$Entry'
RDX=0x00000000c33e5410 is pointing into object: 0x00000000c33e5408
com.android.dx.dex.code.LocalSnapshot 
 - klass: 'com/android/dx/dex/code/LocalSnapshot'
RSP=0x00000000589ae9a8 is pointing into the stack for thread: 0x00000000568be800
RBP=0x00000000cdbf22e0 is an oop
com.android.dx.dex.file.AnnotationsDirectoryItem 
 - klass: 'com/android/dx/dex/file/AnnotationsDirectoryItem'
RSI=0x00000000c33e5410 is pointing into object: 0x00000000c33e5408
com.android.dx.dex.code.LocalSnapshot 
 - klass: 'com/android/dx/dex/code/LocalSnapshot'
RDI=0x0000000000003c30 is an unknown value
R8 =0x0000000000000000 is an unknown value
R9 =0x0000000000000003 is an unknown value
R10=0x00000000147f09f0 is pointing into metadata
R11=0x000000000077be13 is an unknown value
R12=0x0000000000000000 is an unknown value
R13=0x00000000c37e4fc0 is an oop
java.lang.String 
 - klass: 'java/lang/String'
R14=0x00000000ce3fd530 is an oop
java.util.TreeMap$Entry 
 - klass: 'java/util/TreeMap$Entry'
R15=0x00000000568be800 is a thread


Stack: [0x00000000588b0000,0x00000000589b0000],  sp=0x00000000589ae9a8,  free space=1018k
Native frames: (J=compiled Java code, j=interpreted, Vv=VM code, C=native code)


---------------  P R O C E S S  ---------------

Java Threads: ( => current thread )
=>0x00000000568be800 JavaThread "pool-1-thread-1" [_thread_in_Java, id=12244, stack(0x00000000588b0000,0x00000000589b0000)]
  0x00000000565f9000 JavaThread "Service Thread" daemon [_thread_blocked, id=11604, stack(0x00000000561c0000,0x00000000562c0000)]
  0x0000000056593800 JavaThread "C1 CompilerThread2" daemon [_thread_blocked, id=11600, stack(0x0000000056fb0000,0x00000000570b0000)]
  0x0000000056586000 JavaThread "C2 CompilerThread1" daemon [_thread_in_native, id=7884, stack(0x0000000056ad0000,0x0000000056bd0000)]
  0x00000000551cc000 JavaThread "C2 CompilerThread0" daemon [_thread_blocked, id=11580, stack(0x0000000056d40000,0x0000000056e40000)]
  0x000000005657a800 JavaThread "Attach Listener" daemon [_thread_blocked, id=11576, stack(0x0000000056be0000,0x0000000056ce0000)]
  0x00000000551bb000 JavaThread "Signal Dispatcher" daemon [_thread_blocked, id=11572, stack(0x0000000056980000,0x0000000056a80000)]
  0x0000000055164000 JavaThread "Finalizer" daemon [_thread_blocked, id=11520, stack(0x0000000056470000,0x0000000056570000)]
  0x000000005515b000 JavaThread "Reference Handler" daemon [_thread_blocked, id=11920, stack(0x0000000056300000,0x0000000056400000)]
  0x00000000025be800 JavaThread "main" [_thread_blocked, id=11392, stack(0x0000000002630000,0x0000000002730000)]

Other Threads:
  0x0000000055155800 VMThread [stack: 0x00000000560b0000,0x00000000561b0000] [id=11544]
  0x000000005660c800 WatcherThread [stack: 0x0000000056eb0000,0x0000000056fb0000] [id=11608]

VM state:not at safepoint (normal execution)

VM Mutex/Monitor currently owned by a thread: None

Heap:
 PSYoungGen      total 232960K, used 96328K [0x00000000eab00000, 0x0000000100000000, 0x0000000100000000)
  eden space 116736K, 67% used [0x00000000eab00000,0x00000000ef7ca388,0x00000000f1d00000)
  from space 116224K, 15% used [0x00000000f1d00000,0x00000000f2e48000,0x00000000f8e80000)
  to   space 116224K, 0% used [0x00000000f8e80000,0x00000000f8e80000,0x0000000100000000)
 ParOldGen       total 462848K, used 351772K [0x00000000c0000000, 0x00000000dc400000, 0x00000000eab00000)
  object space 462848K, 76% used [0x00000000c0000000,0x00000000d5787288,0x00000000dc400000)
 Metaspace       used 6655K, capacity 7320K, committed 7680K, reserved 1056768K
  class space    used 626K, capacity 656K, committed 768K, reserved 1048576K

Card table byte_map: [0x0000000011bb0000,0x0000000011dc0000] byte_map_base: 0x00000000115b0000

Marking Bits: (ParMarkBitMap*) 0x00000000603bd490
 Begin Bits: [0x00000000125d0000, 0x00000000135d0000)
 End Bits:   [0x00000000135d0000, 0x00000000145d0000)

Polling page: 0x0000000001b90000

CodeCache: size=245760Kb used=13323Kb max_used=13337Kb free=232436Kb
 bounds [0x00000000027f0000, 0x0000000003500000, 0x00000000117f0000]
 total_blobs=2978 nmethods=2711 adapters=180
 compilation: enabled

Compilation events (10 events):
Event: 9.927 Thread 0x00000000551cc000 nmethod 2665 0x00000000034df550 code [0x00000000034df6a0, 0x00000000034df7c8]
Event: 9.927 Thread 0x00000000551cc000 2675       4       com.android.dx.cf.attrib.AttLineNumberTable::byteLength (13 bytes)
Event: 9.927 Thread 0x00000000551cc000 nmethod 2675 0x00000000034e2290 code [0x00000000034e23c0, 0x00000000034e2438]
Event: 9.927 Thread 0x00000000551cc000 2674       4       com.android.dx.dex.cf.AttributeTranslator::getAnnotations0 (62 bytes)
Event: 9.931 Thread 0x00000000551cc000 nmethod 2674 0x00000000034e2f10 code [0x00000000034e30a0, 0x00000000034e36e8]
Event: 9.931 Thread 0x00000000551cc000 2683       4       com.android.dx.cf.iface.StdMember::<init> (69 bytes)
Event: 9.931 Thread 0x00000000551cc000 nmethod 2683 0x00000000034e1f90 code [0x00000000034e20c0, 0x00000000034e21b8]
Event: 9.931 Thread 0x00000000551cc000 2687       4       com.android.dx.ssa.back.SsaToRop::moveParametersToHighRegisters (88 bytes)
Event: 9.950 Thread 0x00000000551cc000 nmethod 2687 0x00000000034e9890 code [0x00000000034e9a60, 0x00000000034eac28]
Event: 9.950 Thread 0x00000000551cc000 2639       4       com.android.dx.ssa.SsaMethod::isRegALocal (90 bytes)

GC Heap History (10 events):
Event: 7.476 GC heap before
{Heap before GC invocations=18 (full 2):
 PSYoungGen      total 232960K, used 221527K [0x00000000eab00000, 0x0000000100000000, 0x0000000100000000)
  eden space 116736K, 100% used [0x00000000eab00000,0x00000000f1d00000,0x00000000f1d00000)
  from space 116224K, 90% used [0x00000000f1d00000,0x00000000f8355fe8,0x00000000f8e80000)
  to   space 116224K, 0% used [0x00000000f8e80000,0x00000000f8e80000,0x0000000100000000)
 ParOldGen       total 294912K, used 198197K [0x00000000c0000000, 0x00000000d2000000, 0x00000000eab00000)
  object space 294912K, 67% used [0x00000000c0000000,0x00000000cc18d748,0x00000000d2000000)
 Metaspace       used 6594K, capacity 7320K, committed 7680K, reserved 1056768K
  class space    used 620K, capacity 656K, committed 768K, reserved 1048576K
Event: 7.549 GC heap after
Heap after GC invocations=18 (full 2):
 PSYoungGen      total 232960K, used 82987K [0x00000000eab00000, 0x0000000100000000, 0x0000000100000000)
  eden space 116736K, 0% used [0x00000000eab00000,0x00000000eab00000,0x00000000f1d00000)
  from space 116224K, 71% used [0x00000000f8e80000,0x00000000fdf8ad90,0x0000000100000000)
  to   space 116224K, 0% used [0x00000000f1d00000,0x00000000f1d00000,0x00000000f8e80000)
 ParOldGen       total 294912K, used 237840K [0x00000000c0000000, 0x00000000d2000000, 0x00000000eab00000)
  object space 294912K, 80% used [0x00000000c0000000,0x00000000ce844298,0x00000000d2000000)
 Metaspace       used 6594K, capacity 7320K, committed 7680K, reserved 1056768K
  class space    used 620K, capacity 656K, committed 768K, reserved 1048576K
}
Event: 7.766 GC heap before
{Heap before GC invocations=19 (full 2):
 PSYoungGen      total 232960K, used 199723K [0x00000000eab00000, 0x0000000100000000, 0x0000000100000000)
  eden space 116736K, 100% used [0x00000000eab00000,0x00000000f1d00000,0x00000000f1d00000)
  from space 116224K, 71% used [0x00000000f8e80000,0x00000000fdf8ad90,0x0000000100000000)
  to   space 116224K, 0% used [0x00000000f1d00000,0x00000000f1d00000,0x00000000f8e80000)
 ParOldGen       total 294912K, used 237840K [0x00000000c0000000, 0x00000000d2000000, 0x00000000eab00000)
  object space 294912K, 80% used [0x00000000c0000000,0x00000000ce844298,0x00000000d2000000)
 Metaspace       used 6594K, capacity 7320K, committed 7680K, reserved 1056768K
  class space    used 620K, capacity 656K, committed 768K, reserved 1048576K
Event: 7.828 GC heap after
Heap after GC invocations=19 (full 2):
 PSYoungGen      total 232960K, used 53302K [0x00000000eab00000, 0x0000000100000000, 0x0000000100000000)
  eden space 116736K, 0% used [0x00000000eab00000,0x00000000eab00000,0x00000000f1d00000)
  from space 116224K, 45% used [0x00000000f1d00000,0x00000000f510d800,0x00000000f8e80000)
  to   space 116224K, 0% used [0x00000000f8e80000,0x00000000f8e80000,0x0000000100000000)
 ParOldGen       total 294912K, used 284646K [0x00000000c0000000, 0x00000000d2000000, 0x00000000eab00000)
  object space 294912K, 96% used [0x00000000c0000000,0x00000000d15f9b28,0x00000000d2000000)
 Metaspace       used 6594K, capacity 7320K, committed 7680K, reserved 1056768K
  class space    used 620K, capacity 656K, committed 768K, reserved 1048576K
}
Event: 7.828 GC heap before
{Heap before GC invocations=20 (full 3):
 PSYoungGen      total 232960K, used 53302K [0x00000000eab00000, 0x0000000100000000, 0x0000000100000000)
  eden space 116736K, 0% used [0x00000000eab00000,0x00000000eab00000,0x00000000f1d00000)
  from space 116224K, 45% used [0x00000000f1d00000,0x00000000f510d800,0x00000000f8e80000)
  to   space 116224K, 0% used [0x00000000f8e80000,0x00000000f8e80000,0x0000000100000000)
 ParOldGen       total 294912K, used 284646K [0x00000000c0000000, 0x00000000d2000000, 0x00000000eab00000)
  object space 294912K, 96% used [0x00000000c0000000,0x00000000d15f9b28,0x00000000d2000000)
 Metaspace       used 6594K, capacity 7320K, committed 7680K, reserved 1056768K
  class space    used 620K, capacity 656K, committed 768K, reserved 1048576K
Event: 9.113 GC heap after
Heap after GC invocations=20 (full 3):
 PSYoungGen      total 232960K, used 38692K [0x00000000eab00000, 0x0000000100000000, 0x0000000100000000)
  eden space 116736K, 0% used [0x00000000eab00000,0x00000000eab00000,0x00000000f1d00000)
  from space 116224K, 33% used [0x00000000f1d00000,0x00000000f42c9108,0x00000000f8e80000)
  to   space 116224K, 0% used [0x00000000f8e80000,0x00000000f8e80000,0x0000000100000000)
 ParOldGen       total 462848K, used 294447K [0x00000000c0000000, 0x00000000dc400000, 0x00000000eab00000)
  object space 462848K, 63% used [0x00000000c0000000,0x00000000d1f8bdd8,0x00000000dc400000)
 Metaspace       used 6594K, capacity 7320K, committed 7680K, reserved 1056768K
  class space    used 620K, capacity 656K, committed 768K, reserved 1048576K
}
Event: 9.361 GC heap before
{Heap before GC invocations=21 (full 3):
 PSYoungGen      total 232960K, used 155428K [0x00000000eab00000, 0x0000000100000000, 0x0000000100000000)
  eden space 116736K, 100% used [0x00000000eab00000,0x00000000f1d00000,0x00000000f1d00000)
  from space 116224K, 33% used [0x00000000f1d00000,0x00000000f42c9108,0x00000000f8e80000)
  to   space 116224K, 0% used [0x00000000f8e80000,0x00000000f8e80000,0x0000000100000000)
 ParOldGen       total 462848K, used 294447K [0x00000000c0000000, 0x00000000dc400000, 0x00000000eab00000)
  object space 462848K, 63% used [0x00000000c0000000,0x00000000d1f8bdd8,0x00000000dc400000)
 Metaspace       used 6595K, capacity 7320K, committed 7680K, reserved 1056768K
  class space    used 620K, capacity 656K, committed 768K, reserved 1048576K
Event: 9.449 GC heap after
Heap after GC invocations=21 (full 3):
 PSYoungGen      total 232960K, used 35188K [0x00000000eab00000, 0x0000000100000000, 0x0000000100000000)
  eden space 116736K, 0% used [0x00000000eab00000,0x00000000eab00000,0x00000000f1d00000)
  from space 116224K, 30% used [0x00000000f8e80000,0x00000000fb0dd3f0,0x0000000100000000)
  to   space 116224K, 0% used [0x00000000f1d00000,0x00000000f1d00000,0x00000000f8e80000)
 ParOldGen       total 462848K, used 317668K [0x00000000c0000000, 0x00000000dc400000, 0x00000000eab00000)
  object space 462848K, 68% used [0x00000000c0000000,0x00000000d36390f0,0x00000000dc400000)
 Metaspace       used 6595K, capacity 7320K, committed 7680K, reserved 1056768K
  class space    used 620K, capacity 656K, committed 768K, reserved 1048576K
}
Event: 9.690 GC heap before
{Heap before GC invocations=22 (full 3):
 PSYoungGen      total 232960K, used 151924K [0x00000000eab00000, 0x0000000100000000, 0x0000000100000000)
  eden space 116736K, 100% used [0x00000000eab00000,0x00000000f1d00000,0x00000000f1d00000)
  from space 116224K, 30% used [0x00000000f8e80000,0x00000000fb0dd3f0,0x0000000100000000)
  to   space 116224K, 0% used [0x00000000f1d00000,0x00000000f1d00000,0x00000000f8e80000)
 ParOldGen       total 462848K, used 317668K [0x00000000c0000000, 0x00000000dc400000, 0x00000000eab00000)
  object space 462848K, 68% used [0x00000000c0000000,0x00000000d36390f0,0x00000000dc400000)
 Metaspace       used 6595K, capacity 7320K, committed 7680K, reserved 1056768K
  class space    used 620K, capacity 656K, committed 768K, reserved 1048576K
Event: 9.740 GC heap after
Heap after GC invocations=22 (full 3):
 PSYoungGen      total 232960K, used 17696K [0x00000000eab00000, 0x0000000100000000, 0x0000000100000000)
  eden space 116736K, 0% used [0x00000000eab00000,0x00000000eab00000,0x00000000f1d00000)
  from space 116224K, 15% used [0x00000000f1d00000,0x00000000f2e48000,0x00000000f8e80000)
  to   space 116224K, 0% used [0x00000000f8e80000,0x00000000f8e80000,0x0000000100000000)
 ParOldGen       total 462848K, used 351772K [0x00000000c0000000, 0x00000000dc400000, 0x00000000eab00000)
  object space 462848K, 76% used [0x00000000c0000000,0x00000000d5787288,0x00000000dc400000)
 Metaspace       used 6595K, capacity 7320K, committed 7680K, reserved 1056768K
  class space    used 620K, capacity 656K, committed 768K, reserved 1048576K
}

Deoptimization events (10 events):
Event: 6.571 Thread 0x00000000576de000 Uncommon trap: reason=class_check action=maybe_recompile pc=0x000000000335f670 method=com.android.dx.cf.code.BytecodeArray.parseInstruction(ILcom/android/dx/cf/code/BytecodeArray$Visitor;)I @ 2239
Event: 6.629 Thread 0x00000000576de000 Uncommon trap: reason=unreached action=reinterpret pc=0x0000000003339978 method=com.android.dx.ssa.PhiTypeResolver.resolveResultType(Lcom/android/dx/ssa/PhiInsn;)Z @ 64
Event: 6.819 Thread 0x00000000576de000 Uncommon trap: reason=unreached action=reinterpret pc=0x0000000003315198 method=com.android.dx.ssa.back.SsaToRop.convertBasicBlocks()Lcom/android/dx/rop/code/BasicBlockList; @ 33
Event: 6.994 Thread 0x00000000576b1800 Uncommon trap: reason=bimorphic action=maybe_recompile pc=0x00000000033c2318 method=com.android.dx.cf.code.BytecodeArray.parseInstruction(ILcom/android/dx/cf/code/BytecodeArray$Visitor;)I @ 891
Event: 6.994 Thread 0x00000000576b1800 Uncommon trap: reason=bimorphic action=maybe_recompile pc=0x00000000033c2318 method=com.android.dx.cf.code.BytecodeArray.parseInstruction(ILcom/android/dx/cf/code/BytecodeArray$Visitor;)I @ 891
Event: 9.910 Thread 0x00000000568be800 Uncommon trap: reason=class_check action=maybe_recompile pc=0x000000000349518c method=java.util.Arrays.hashCode([Ljava/lang/Object;)I @ 43
Event: 9.910 Thread 0x00000000568be800 Uncommon trap: reason=class_check action=maybe_recompile pc=0x000000000349518c method=java.util.Arrays.hashCode([Ljava/lang/Object;)I @ 43
Event: 9.910 Thread 0x00000000568be800 Uncommon trap: reason=class_check action=maybe_recompile pc=0x000000000349518c method=java.util.Arrays.hashCode([Ljava/lang/Object;)I @ 43
Event: 9.910 Thread 0x00000000568be800 Uncommon trap: reason=class_check action=maybe_recompile pc=0x000000000349518c method=java.util.Arrays.hashCode([Ljava/lang/Object;)I @ 43
Event: 9.910 Thread 0x00000000568be800 Uncommon trap: reason=class_check action=maybe_recompile pc=0x0000000002c6ad40 method=java.util.Arrays.hashCode([Ljava/lang/Object;)I @ 43

Internal exceptions (10 events):
Event: 2.117 Thread 0x000000005796f800 Implicit null exception at 0x0000000002bc396d to 0x0000000002bc3b45
Event: 2.221 Thread 0x000000005796f800 Implicit null exception at 0x00000000030a1360 to 0x00000000030a61c1
Event: 2.818 Thread 0x00000000025be800 Exception <a 'java/security/PrivilegedActionException'> (0x00000000eab084f8) thrown at [D:\re\workspace\8-2-build-windows-amd64-cygwin\jdk8u25\1677\hotspot\src\share\vm\prims\jvm.cpp, line 1312]
Event: 6.629 Thread 0x00000000576de000 Implicit null exception at 0x00000000033374eb to 0x000000000333994c
Event: 6.819 Thread 0x00000000576de000 Implicit null exception at 0x00000000033117b2 to 0x000000000331517d
Event: 6.988 Thread 0x00000000025be800 Exception <a 'java/security/PrivilegedActionException'> (0x00000000eb450ff8) thrown at [D:\re\workspace\8-2-build-windows-amd64-cygwin\jdk8u25\1677\hotspot\src\share\vm\prims\jvm.cpp, line 1312]
Event: 7.377 Thread 0x000000005796f800 Exception <a 'java/security/PrivilegedActionException'> (0x00000000ee254ac0) thrown at [D:\re\workspace\8-2-build-windows-amd64-cygwin\jdk8u25\1677\hotspot\src\share\vm\prims\jvm.cpp, line 1312]
Event: 9.152 Thread 0x000000005796f800 Exception <a 'java/security/PrivilegedActionException'> (0x00000000ec159a68) thrown at [D:\re\workspace\8-2-build-windows-amd64-cygwin\jdk8u25\1677\hotspot\src\share\vm\prims\jvm.cpp, line 1312]
Event: 9.903 Thread 0x00000000025be800 Exception <a 'java/security/PrivilegedActionException'> (0x00000000ef49ff20) thrown at [D:\re\workspace\8-2-build-windows-amd64-cygwin\jdk8u25\1677\hotspot\src\share\vm\prims\jvm.cpp, line 1312]
Event: 9.911 Thread 0x00000000568be800 Exception <a 'java/security/PrivilegedActionException'> (0x00000000ef713108) thrown at [D:\re\workspace\8-2-build-windows-amd64-cygwin\jdk8u25\1677\hotspot\src\share\vm\prims\jvm.cpp, line 1312]

Events (10 events):
Event: 9.910 Thread 0x00000000568be800 DEOPT PACKING pc=0x000000000349518c sp=0x00000000589ae850
Event: 9.910 Thread 0x00000000568be800 DEOPT UNPACKING pc=0x000000000283556a sp=0x00000000589ae780 mode 2
Event: 9.910 Thread 0x00000000568be800 Uncommon trap: trap_request=0xffffffde fr.pc=0x000000000349518c
Event: 9.910 Thread 0x00000000568be800 DEOPT PACKING pc=0x000000000349518c sp=0x00000000589ae850
Event: 9.910 Thread 0x00000000568be800 DEOPT UNPACKING pc=0x000000000283556a sp=0x00000000589ae780 mode 2
Event: 9.910 Thread 0x00000000568be800 Uncommon trap: trap_request=0xffffffde fr.pc=0x0000000002c6ad40
Event: 9.910 Thread 0x00000000568be800 DEOPT PACKING pc=0x0000000002c6ad40 sp=0x00000000589ae800
Event: 9.910 Thread 0x00000000568be800 DEOPT UNPACKING pc=0x000000000283556a sp=0x00000000589ae788 mode 2
Event: 9.911 loading class com/android/dx/rop/cst/Zeroes
Event: 9.911 loading class com/android/dx/rop/cst/Zeroes done


Dynamic libraries:
0x000000013f960000 - 0x000000013f994000 	C:\Program Files\Java\jdk1.8.0_25\bin\java.exe
0x0000000077060000 - 0x000000007720a000 	C:\Windows\SYSTEM32\ntdll.dll
0x0000000076e40000 - 0x0000000076f5f000 	C:\Windows\system32\kernel32.dll
0x000007fefce20000 - 0x000007fefce8a000 	C:\Windows\system32\KERNELBASE.dll
0x000007fefe4d0000 - 0x000007fefe5ab000 	C:\Windows\system32\ADVAPI32.dll
0x000007fefe880000 - 0x000007fefe91f000 	C:\Windows\system32\msvcrt.dll
0x000007fefd1a0000 - 0x000007fefd1bf000 	C:\Windows\SYSTEM32\sechost.dll
0x000007fefebb0000 - 0x000007fefecdd000 	C:\Windows\system32\RPCRT4.dll
0x0000000076f60000 - 0x000000007705a000 	C:\Windows\system32\USER32.dll
0x000007fefece0000 - 0x000007fefed47000 	C:\Windows\system32\GDI32.dll
0x000007fefd1c0000 - 0x000007fefd1ce000 	C:\Windows\system32\LPK.dll
0x000007fefe9c0000 - 0x000007fefea8a000 	C:\Windows\system32\USP10.dll
0x000007fefb840000 - 0x000007fefba34000 	C:\Windows\WinSxS\amd64_microsoft.windows.common-controls_6595b64144ccf1df_6.0.7601.18837_none_fa3b1e3d17594757\COMCTL32.dll
0x000007feff160000 - 0x000007feff1d1000 	C:\Windows\system32\SHLWAPI.dll
0x000007fefe210000 - 0x000007fefe23e000 	C:\Windows\system32\IMM32.DLL
0x000007fefea90000 - 0x000007fefeb99000 	C:\Windows\system32\MSCTF.dll
0x000000006d760000 - 0x000000006d832000 	C:\Program Files\Java\jdk1.8.0_25\jre\bin\msvcr100.dll
0x000000005fbe0000 - 0x000000006043a000 	C:\Program Files\Java\jdk1.8.0_25\jre\bin\server\jvm.dll
0x000007fef0920000 - 0x000007fef0929000 	C:\Windows\system32\WSOCK32.dll
0x000007fefe1c0000 - 0x000007fefe20d000 	C:\Windows\system32\WS2_32.dll
0x000007fefeba0000 - 0x000007fefeba8000 	C:\Windows\system32\NSI.dll
0x000007fef4790000 - 0x000007fef47cb000 	C:\Windows\system32\WINMM.dll
0x0000000077220000 - 0x0000000077227000 	C:\Windows\system32\PSAPI.DLL
0x0000000074210000 - 0x000000007421f000 	C:\Program Files\Java\jdk1.8.0_25\jre\bin\verify.dll
0x00000000741e0000 - 0x0000000074208000 	C:\Program Files\Java\jdk1.8.0_25\jre\bin\java.dll
0x00000000741a0000 - 0x00000000741b6000 	C:\Program Files\Java\jdk1.8.0_25\jre\bin\zip.dll
0x000007fefd3b0000 - 0x000007fefe13c000 	C:\Windows\system32\SHELL32.dll
0x000007fefed70000 - 0x000007fefef73000 	C:\Windows\system32\ole32.dll
0x000007fefcdf0000 - 0x000007fefcdff000 	C:\Windows\system32\profapi.dll
0x000007feed930000 - 0x000007feeda55000 	C:\Windows\system32\dbghelp.dll

VM Arguments:
jvm_args: -Djava.awt.headless=true -Xmx1024M -Dfile.encoding=GBK -Duser.country=CN -Duser.language=zh -Duser.variant 
java_command: com.android.dx.command.Main --dex --num-threads=4 --multi-dex --main-dex-list D:\project\schoolExAdnrd\app\build\intermediates\multi-dex\debug\maindexlist.txt --output D:\project\schoolExAdnrd\app\build\intermediates\transforms\dex\debug\folders\1000\1f\main D:\project\schoolExAdnrd\app\build\intermediates\transforms\jarMerging\debug\jars\1\1f\combined.jar
java_class_path (initial): D:\SDK\siruiandroidsdk\sdk\build-tools\23.0.2\lib\dx.jar
Launcher Type: SUN_STANDARD

Environment Variables:
JAVA_HOME=C:\Program Files\Java\jdk1.8.0_25
PATH=C:\ProgramData\Oracle\Java\javapath;C:\Windows\system32;C:\Windows;C:\Windows\System32\Wbem;C:\Windows\System32\WindowsPowerShell\v1.0\;C:\Program Files (x86)\Git\bin;C:\Program Files\TortoiseSVN\bin;C:\Program Files\Java\jdk1.8.0_25\bin;D:\SDK\siruiandroidsdk\sdk\platform-tools;D:\SDK\siruiandroidsdk\sdk\tools;C:\Program Files\Java\jre1.8.0_25\bin;
USERNAME=1
OS=Windows_NT
PROCESSOR_IDENTIFIER=Intel64 Family 6 Model 60 Stepping 3, GenuineIntel



---------------  S Y S T E M  ---------------

OS: Windows 7 , 64 bit Build 7601 Service Pack 1

CPU:total 4 (4 cores per cpu, 1 threads per core) family 6 model 60 stepping 3, cmov, cx8, fxsr, mmx, sse, sse2, sse3, ssse3, sse4.1, sse4.2, popcnt, avx, avx2, aes, clmul, erms, lzcnt, tsc, tscinvbit, bmi1, bmi2

Memory: 4k page, physical 8305192k(298592k free), swap 16608524k(7023844k free)

vm_info: Java HotSpot(TM) 64-Bit Server VM (25.25-b02) for windows-amd64 JRE (1.8.0_25-b18), built on Oct  7 2014 14:25:37 by "java_re" with MS VC++ 10.0 (VS2010)

time: Thu Jun 30 17:15:54 2016
elapsed time: 10 seconds (0d 0h 0m 10s)

